<?xml version="1.0" encoding="UTF-8"?>
<testsuite xmlns:xsi="http://www.w3.org/2001/XMLSchema-instance" xsi:noNamespaceSchemaLocation="https://maven.apache.org/surefire/maven-surefire-plugin/xsd/surefire-test-report-3.0.xsd" version="3.0" name="TestRunners.TestRunner" time="20.38" tests="1" errors="0" skipped="0" failures="0">
  <properties>
[...]
</properties>
  <testcase name="runScenario[&quot;Verify the product in top deals page&quot;, &quot;Greenkart Homepage&quot;](1)" classname="TestRunners.TestRunner" time="17.581">
    <system-out><![CDATA[
Scenario: Verify the product in top deals page                  # src/test/java/Features/GreenKartHomePage.feature:4
  Given User is in the GreenKart HomePage                       # StepDefinitions.GreenKartHomePage.user_is_in_the_green_kart_home_page()
Retrieved product name is: Tomato
  When User searches for the product "tom" in the homepage      # StepDefinitions.GreenKartHomePage.user_searches_for_the_product_in_the_homepage(java.lang.String)
topdealslink is clicked
Top deals page product is: Tomato
  And User Searches for the product "tom" in the top deals page # StepDefinitions.TopDealsPage.user_searches_for_the_product_in_the_top_deals_page(java.lang.String)
Homepage product Tomato is available in top deals page
  Then product should be available in the top deals page        # StepDefinitions.TopDealsPage.product_should_be_available_in_the_top_deals_page()
]]></system-out>
    <system-err><![CDATA[SLF4J(W): No SLF4J providers were found.
SLF4J(W): Defaulting to no-operation (NOP) logger implementation
SLF4J(W): See https://www.slf4j.org/codes.html#noProviders for further details.
]]></system-err>
  </testcase>
</testsuite>