<?xml version="1.0" encoding="UTF-8"?>
<testng-results ignored="0" total="1" passed="1" failed="0" skipped="0">
  <reporter-output>
  </reporter-output>
  <suite started-at="2025-02-27T19:36:18 IST" name="Default suite" finished-at="2025-02-27T19:36:31 IST" duration-ms="12688">
    <groups>
      <group name="cucumber">
        <method signature="AbstractTestNGCucumberTests.runScenario(io.cucumber.testng.PickleWrapper,io.cucumber.testng.FeatureWrapper)[pri:0, instance:TestRunners.TestRunner@7fd50002]" name="runScenario" class="io.cucumber.testng.AbstractTestNGCucumberTests"/>
      </group> <!-- cucumber -->
    </groups>
    <test started-at="2025-02-27T19:36:18 IST" name="Default test" finished-at="2025-02-27T19:36:31 IST" duration-ms="12688">
      <class name="TestRunners.TestRunner">
        <test-method is-config="true" signature="setUpClass(org.testng.ITestContext)[pri:0, instance:TestRunners.TestRunner@7fd50002]" started-at="2025-02-27T19:36:18 IST" name="setUpClass" finished-at="2025-02-27T19:36:19 IST" duration-ms="654" status="PASS">
          <params>
            <param index="0">
              <value>
                <![CDATA[org.testng.TestRunner@3bbf841e]]>
              </value>
            </param>
          </params>
          <reporter-output>
          </reporter-output>
        </test-method> <!-- setUpClass -->
        <test-method signature="runScenario(io.cucumber.testng.PickleWrapper,io.cucumber.testng.FeatureWrapper)[pri:0, instance:TestRunners.TestRunner@7fd50002]" started-at="2025-02-27T19:36:19 IST" name="runScenario" description="Runs Cucumber Scenarios" data-provider="scenarios" finished-at="2025-02-27T19:36:31 IST" duration-ms="11915" status="PASS">
          <params>
            <param index="0">
              <value>
                <![CDATA["Verify the product in top deals page"]]>
              </value>
            </param>
            <param index="1">
              <value>
                <![CDATA["Greenkart Homepage"]]>
              </value>
            </param>
          </params>
          <reporter-output>
          </reporter-output>
        </test-method> <!-- runScenario -->
        <test-method is-config="true" signature="tearDownClass()[pri:0, instance:TestRunners.TestRunner@7fd50002]" started-at="2025-02-27T19:36:31 IST" name="tearDownClass" finished-at="2025-02-27T19:36:31 IST" duration-ms="75" status="PASS">
          <reporter-output>
          </reporter-output>
        </test-method> <!-- tearDownClass -->
      </class> <!-- TestRunners.TestRunner -->
    </test> <!-- Default test -->
  </suite> <!-- Default suite -->
</testng-results>
